2025-09-25 16:55:58 - Narella Zorzon (narellazorzon@gmail.com) - Consulta sobre Agricultura - IP: ::1
2025-09-25 16:57:31 - Narella Zorzon (narellazorzon@gmail.com) - Consulta sobre Agricultura - IP: ::1 - Email: Falló
2025-09-25 16:58:02 - Narella Zorzon (narellazorzon@gmail.com) - Consulta sobre Agricultura - IP: ::1 - Email: Falló
2025-09-25 16:59:12 - Narella Zorzon (narellazorzon@gmail.com) - Consulta sobre Agricultura - IP: ::1 - Email: Falló
2025-09-25 16:59:15 - Narella Zorzon (narellazorzon@gmail.com) - Consulta sobre Agricultura - IP: ::1 - Email: Falló
2025-09-25 16:59:18 - Narella Zorzon (narellazorzon@gmail.com) - Consulta sobre Agricultura - IP: ::1 - Email: Falló
2025-09-25 16:59:29 - Narella Zorzon (narellazorzon@gmail.com) - Consulta sobre Agricultura - IP: ::1 - Email: Falló
2025-09-25 17:02:14 - Narella Zorzon (narellazorzon@gmail.com) - Consulta sobre Agricultura - IP: ::1 - Email: Falló
2025-09-25 17:05:44 - Narella Zorzon (narellazorzon@gmail.com) - Consulta sobre Agricultura - IP: ::1 - Email: Falló
2025-09-25 17:07:10 - Narella Zorzon (narellazorzon@gmail.com) - Consulta sobre Agricultura - IP: ::1 - Email: Falló
2025-10-06 20:53:01 - Mensaje de: Narella Zorzon (narellazorzon@gmail.com) - Asunto: agricultura
2025-10-06 21:04:16 - Mensaje de: Narella Zorzon (narellazorzon@gmail.com) - Asunto: agricultura
2025-10-06 21:05:56 - Mensaje de: Narella Zorzon (narellazorzon@gmail.com) - Asunto: agricultura
2025-10-06 21:07:49 - Mensaje de: Narella Zorzon (narellazorzon@gmail.com) - Asunto: agricultura
2025-10-06 21:08:57 - Mensaje de: Narella (narellazorzon@gmail.com) - Asunto: agricultura
2025-10-06 21:15:02 - Mensaje de: Narella (narellazorzon@gmail.com) - Asunto: agricultura
2025-10-06 22:08:47 - Mensaje de: Narella Zorzon (narellazorzon@gmail.com) - Asunto: agricultura
2025-10-06 22:12:58 - Mensaje de: Narella Zorzon (narellazorzon@gmail.com) - Asunto: agricultura
2025-10-06 22:15:31 - Mensaje de: Narella Zorzon (narellazorzon@gmail.com) - Asunto: agricultura
2025-10-06 22:20:45 - Mensaje de: Narella (narellazorzon@gmail.com) - Asunto: agricultura
2025-10-06 22:22:07 - Mensaje de: Narella (narellazorzon@gmail.com) - Asunto: trabajo
2025-10-08 07:01:38 - Mensaje de: Narella Zorzon (narellazorzon@gmail.com) - Asunto: agricultura
2025-10-08 07:14:38 - Mensaje de: Narella Zorzon (narellazorzon@gmail.com) - Asunto: agricultura
2025-10-09 02:11:29 - Mensaje de: Narella Zorzon (narellazorzon@gmail.com) - Asunto: agricultura
